<?xml version="1.0" encoding="UTF-8"?>
<!-- Generated by org.testng.reporters.JUnitXMLReporter -->
<testsuite ignored="0" hostname="HP" failures="3" tests="11" name="ChromeTests" time="46.432" errors="0" timestamp="2025-07-12T13:38:45 IST">
  <testcase classname="factorial_site_testing.UITest" name="validateUIElements" time="0.311"/>
  <testcase classname="factorial_site_testing.PlaceholderTextTest" name="checkPlaceholderTitleURL" time="0.078">
    <failure type="java.lang.AssertionError" message="expected [Factorial] but found [Factoriall]">
      <![CDATA[java.lang.AssertionError: expected [Factorial] but found [Factoriall]
at factorial_site_testing.PlaceholderTextTest.checkPlaceholderTitleURL(PlaceholderTextTest.java:14)
at java.base/java.util.ArrayList.forEach(ArrayList.java:1596)
at java.base/java.util.concurrent.FutureTask.run(FutureTask.java:317)
at java.base/java.util.concurrent.ThreadPoolExecutor.runWorker(ThreadPoolExecutor.java:1144)
at java.base/java.util.concurrent.ThreadPoolExecutor$Worker.run(ThreadPoolExecutor.java:642)
at java.base/java.lang.Thread.run(Thread.java:1583)
... Removed 21 stack frames]]>
    </failure>
  </testcase> <!-- checkPlaceholderTitleURL -->
  <testcase classname="factorial_site_testing.FactorialDataProviderTest" name="verifyFactorial" time="0.921"/>
  <testcase classname="factorial_site_testing.FactorialDataProviderTest" name="verifyFactorial" time="0.832"/>
  <testcase classname="factorial_site_testing.FactorialDataProviderTest" name="verifyFactorial" time="0.788"/>
  <testcase classname="factorial_site_testing.FactorialDataProviderTest" name="verifyFactorial" time="0.786"/>
  <testcase classname="factorial_site_testing.FactorialDataProviderTest" name="verifyFactorial" time="0.783"/>
  <testcase classname="factorial_site_testing.FactorialDataProviderTest" name="verifyFactorial" time="0.881">
    <failure type="java.lang.AssertionError" message="expected [true] but found [false]">
      <![CDATA[java.lang.AssertionError: expected [true] but found [false]
at factorial_site_testing.FactorialDataProviderTest.verifyFactorial(FactorialDataProviderTest.java:31)
at java.base/java.util.ArrayList.forEach(ArrayList.java:1596)
at java.base/java.util.concurrent.FutureTask.run(FutureTask.java:317)
at java.base/java.util.concurrent.ThreadPoolExecutor.runWorker(ThreadPoolExecutor.java:1144)
at java.base/java.util.concurrent.ThreadPoolExecutor$Worker.run(ThreadPoolExecutor.java:642)
at java.base/java.lang.Thread.run(Thread.java:1583)
... Removed 19 stack frames]]>
    </failure>
  </testcase> <!-- verifyFactorial -->
  <testcase classname="factorial_site_testing.FactorialDataProviderTest" name="verifyFactorial" time="0.812">
    <failure type="java.lang.AssertionError" message="expected [true] but found [false]">
      <![CDATA[java.lang.AssertionError: expected [true] but found [false]
at factorial_site_testing.FactorialDataProviderTest.verifyFactorial(FactorialDataProviderTest.java:31)
at java.base/java.util.ArrayList.forEach(ArrayList.java:1596)
at java.base/java.util.concurrent.FutureTask.run(FutureTask.java:317)
at java.base/java.util.concurrent.ThreadPoolExecutor.runWorker(ThreadPoolExecutor.java:1144)
at java.base/java.util.concurrent.ThreadPoolExecutor$Worker.run(ThreadPoolExecutor.java:642)
at java.base/java.lang.Thread.run(Thread.java:1583)
... Removed 19 stack frames]]>
    </failure>
  </testcase> <!-- verifyFactorial -->
  <testcase classname="factorial_site_testing.AboutPageLinksCountTest" name="checkAboutPageLinks" time="1.08"/>
  <testcase classname="factorial_site_testing.BugValidationTest" name="privacyLinkShouldNotRedirectToTermsURL" time="7.538"/>
</testsuite> <!-- ChromeTests -->
