<?xml version="1.0" encoding="UTF-8"?>
<!-- Generated by org.testng.reporters.JUnitXMLReporter -->
<testsuite ignored="0" hostname="HP" failures="1" tests="11" name="FirefoxTests" time="69.635" errors="0" timestamp="2025-07-12T13:39:08 IST">
  <testcase classname="factorial_site_testing.UITest" name="validateUIElements" time="0.308"/>
  <testcase classname="factorial_site_testing.PlaceholderTextTest" name="checkPlaceholderTitleURL" time="0.05">
    <failure type="java.lang.AssertionError" message="expected [Factorial] but found [Factoriall]">
      <![CDATA[java.lang.AssertionError: expected [Factorial] but found [Factoriall]
at factorial_site_testing.PlaceholderTextTest.checkPlaceholderTitleURL(PlaceholderTextTest.java:14)
at java.base/java.util.ArrayList.forEach(ArrayList.java:1596)
at java.base/java.util.concurrent.FutureTask.run(FutureTask.java:317)
at java.base/java.util.concurrent.ThreadPoolExecutor.runWorker(ThreadPoolExecutor.java:1144)
at java.base/java.util.concurrent.ThreadPoolExecutor$Worker.run(ThreadPoolExecutor.java:642)
at java.base/java.lang.Thread.run(Thread.java:1583)
... Removed 21 stack frames]]>
    </failure>
  </testcase> <!-- checkPlaceholderTitleURL -->
  <testcase classname="factorial_site_testing.FactorialDataProviderTest" name="verifyFactorial" time="0.935"/>
  <testcase classname="factorial_site_testing.FactorialDataProviderTest" name="verifyFactorial" time="0.882"/>
  <testcase classname="factorial_site_testing.FactorialDataProviderTest" name="verifyFactorial" time="0.898"/>
  <testcase classname="factorial_site_testing.FactorialDataProviderTest" name="verifyFactorial" time="0.847"/>
  <testcase classname="factorial_site_testing.FactorialDataProviderTest" name="verifyFactorial" time="0.839"/>
  <testcase classname="factorial_site_testing.FactorialDataProviderTest" name="verifyFactorial" time="0.845"/>
  <testcase classname="factorial_site_testing.FactorialDataProviderTest" name="verifyFactorial" time="0.814"/>
  <testcase classname="factorial_site_testing.AboutPageLinksCountTest" name="checkAboutPageLinks" time="1.133"/>
  <testcase classname="factorial_site_testing.BugValidationTest" name="privacyLinkShouldNotRedirectToTermsURL" time="7.707"/>
</testsuite> <!-- FirefoxTests -->
