<!DOCTYPE html PUBLIC "-//W3C//DTD XHTML 1.1//EN" "https://www.w3.org/TR/xhtml11/DTD/xhtml11.dtd">
<html xmlns="https://www.w3.org/1999/xhtml">
<head>
<meta http-equiv="content-type" content="text/html; charset=UTF-8"/>
<title>TestNG Report</title>
<style type="text/css">table {margin-bottom:10px;border-collapse:collapse;empty-cells:show}th,td {border:1px solid #009;padding:.25em .5em}th {vertical-align:bottom}td {vertical-align:top}table a {font-weight:bold}.stripe td {background-color: #E6EBF9}.num {text-align:right}.passedodd td {background-color: #3F3}.passedeven td {background-color: #0A0}.skippedodd td {background-color: #DDD}.skippedeven td {background-color: #CCC}.failedodd td,.attn {background-color: #F33}.failedeven td,.stripe .attn {background-color: #D00}.stacktrace {white-space:pre;font-family:monospace}.totop {font-size:85%;text-align:center;border-bottom:2px solid #000}.invisible {display:none}</style>
</head>
<body>
<table>
<tr><th>Test</th><th># Passed</th><th># Skipped</th><th># Retried</th><th># Failed</th><th>Time (ms)</th><th>Included Groups</th><th>Excluded Groups</th></tr>
<tr><th colspan="8">CrossBrowserSuite</th></tr>
<tr><td><a href="#t0">ChromeTests</a></td><td class="num">8</td><td class="num">0</td><td class="num">0</td><td class="num attn">3</td><td class="num">46,432</td><td></td><td></td></tr>
<tr class="stripe"><td><a href="#t1">FirefoxTests</a></td><td class="num">10</td><td class="num">0</td><td class="num">0</td><td class="num attn">1</td><td class="num">69,635</td><td></td><td></td></tr>
<tr><th>Total</th><th class="num">18</th><th class="num">0</th><th class="num">0</th><th class="num attn">4</th><th class="num">116,067</th><th colspan="2"></th></tr>
</table>
<table id='summary'><thead><tr><th>Class</th><th>Method</th><th>Start</th><th>Time (ms)</th></tr></thead><tbody><tr><th colspan="4">CrossBrowserSuite</th></tr></tbody><tbody id="t0"><tr><th colspan="4">ChromeTests &#8212; failed</th></tr><tr class="failedeven"><td rowspan="2">factorial_site_testing.FactorialDataProviderTest</td><td><a href="#m0">verifyFactorial</a></td><td rowspan="2">1752307704594</td><td rowspan="2">812</td></tr><tr class="failedeven"><td><a href="#m1">verifyFactorial</a></td></tr><tr class="failedodd"><td rowspan="1">factorial_site_testing.PlaceholderTextTest</td><td><a href="#m2">checkPlaceholderTitleURL</a></td><td rowspan="1">1752307691960</td><td rowspan="1">78</td></tr><tr><th colspan="4">ChromeTests &#8212; passed</th></tr><tr class="passedeven"><td rowspan="1">factorial_site_testing.AboutPageLinksCountTest</td><td><a href="#m3">checkAboutPageLinks</a></td><td rowspan="1">1752307712507</td><td rowspan="1">1080</td></tr><tr class="passedodd"><td rowspan="1">factorial_site_testing.BugValidationTest</td><td><a href="#m4">privacyLinkShouldNotRedirectToTermsURL</a></td><td rowspan="1">1752307717904</td><td rowspan="1">7538</td></tr><tr class="passedeven"><td rowspan="5">factorial_site_testing.FactorialDataProviderTest</td><td><a href="#m5">verifyFactorial</a></td><td rowspan="5">1752307700513</td><td rowspan="5">832</td></tr><tr class="passedeven"><td><a href="#m6">verifyFactorial</a></td></tr><tr class="passedeven"><td><a href="#m7">verifyFactorial</a></td></tr><tr class="passedeven"><td><a href="#m8">verifyFactorial</a></td></tr><tr class="passedeven"><td><a href="#m9">verifyFactorial</a></td></tr><tr class="passedodd"><td rowspan="1">factorial_site_testing.UITest</td><td><a href="#m10">validateUIElements</a></td><td rowspan="1">1752307685919</td><td rowspan="1">311</td></tr></tbody>
<tbody id="t1"><tr><th colspan="4">FirefoxTests &#8212; failed</th></tr><tr class="failedeven"><td rowspan="1">factorial_site_testing.PlaceholderTextTest</td><td><a href="#m11">checkPlaceholderTitleURL</a></td><td rowspan="1">1752307700895</td><td rowspan="1">50</td></tr><tr><th colspan="4">FirefoxTests &#8212; passed</th></tr><tr class="passedeven"><td rowspan="1">factorial_site_testing.AboutPageLinksCountTest</td><td><a href="#m12">checkAboutPageLinks</a></td><td rowspan="1">1752307728224</td><td rowspan="1">1133</td></tr><tr class="passedodd"><td rowspan="1">factorial_site_testing.BugValidationTest</td><td><a href="#m13">privacyLinkShouldNotRedirectToTermsURL</a></td><td rowspan="1">1752307739812</td><td rowspan="1">7707</td></tr><tr class="passedeven"><td rowspan="7">factorial_site_testing.FactorialDataProviderTest</td><td><a href="#m14">verifyFactorial</a></td><td rowspan="7">1752307711857</td><td rowspan="7">935</td></tr><tr class="passedeven"><td><a href="#m15">verifyFactorial</a></td></tr><tr class="passedeven"><td><a href="#m16">verifyFactorial</a></td></tr><tr class="passedeven"><td><a href="#m17">verifyFactorial</a></td></tr><tr class="passedeven"><td><a href="#m18">verifyFactorial</a></td></tr><tr class="passedeven"><td><a href="#m19">verifyFactorial</a></td></tr><tr class="passedeven"><td><a href="#m20">verifyFactorial</a></td></tr><tr class="passedodd"><td rowspan="1">factorial_site_testing.UITest</td><td><a href="#m21">validateUIElements</a></td><td rowspan="1">1752307689738</td><td rowspan="1">308</td></tr></tbody>
</table>
<h2>ChromeTests</h2><h3 id="m0">factorial_site_testing.FactorialDataProviderTest#verifyFactorial</h3><table class="result"><tr class="param"><th>Parameter #1</th><th>Parameter #2</th></tr><tr class="param stripe"><td>10</td><td>3628800</td></tr><tr><th colspan="2">Exception</th></tr><tr><td colspan="2"><div class="stacktrace">java.lang.AssertionError: expected [true] but found [false]
	at factorial_site_testing.FactorialDataProviderTest.verifyFactorial(FactorialDataProviderTest.java:31)
	at java.base/java.util.ArrayList.forEach(ArrayList.java:1596)
	at java.base/java.util.concurrent.FutureTask.run(FutureTask.java:317)
	at java.base/java.util.concurrent.ThreadPoolExecutor.runWorker(ThreadPoolExecutor.java:1144)
	at java.base/java.util.concurrent.ThreadPoolExecutor$Worker.run(ThreadPoolExecutor.java:642)
	at java.base/java.lang.Thread.run(Thread.java:1583)
... Removed 19 stack frames</div></td></tr></table><p class="totop"><a href="#summary">back to summary</a></p>
<h3 id="m1">factorial_site_testing.FactorialDataProviderTest#verifyFactorial</h3><table class="result"><tr class="param"><th>Parameter #1</th><th>Parameter #2</th></tr><tr class="param stripe"><td>9</td><td>362880</td></tr><tr><th colspan="2">Exception</th></tr><tr><td colspan="2"><div class="stacktrace">java.lang.AssertionError: expected [true] but found [false]
	at factorial_site_testing.FactorialDataProviderTest.verifyFactorial(FactorialDataProviderTest.java:31)
	at java.base/java.util.ArrayList.forEach(ArrayList.java:1596)
	at java.base/java.util.concurrent.FutureTask.run(FutureTask.java:317)
	at java.base/java.util.concurrent.ThreadPoolExecutor.runWorker(ThreadPoolExecutor.java:1144)
	at java.base/java.util.concurrent.ThreadPoolExecutor$Worker.run(ThreadPoolExecutor.java:642)
	at java.base/java.lang.Thread.run(Thread.java:1583)
... Removed 19 stack frames</div></td></tr></table><p class="totop"><a href="#summary">back to summary</a></p>
<h3 id="m2">factorial_site_testing.PlaceholderTextTest#checkPlaceholderTitleURL</h3><table class="result"><tr><th>Exception</th></tr><tr><td><div class="stacktrace">java.lang.AssertionError: expected [Factorial] but found [Factoriall]
	at factorial_site_testing.PlaceholderTextTest.checkPlaceholderTitleURL(PlaceholderTextTest.java:14)
	at java.base/java.util.ArrayList.forEach(ArrayList.java:1596)
	at java.base/java.util.concurrent.FutureTask.run(FutureTask.java:317)
	at java.base/java.util.concurrent.ThreadPoolExecutor.runWorker(ThreadPoolExecutor.java:1144)
	at java.base/java.util.concurrent.ThreadPoolExecutor$Worker.run(ThreadPoolExecutor.java:642)
	at java.base/java.lang.Thread.run(Thread.java:1583)
... Removed 21 stack frames</div></td></tr></table><p class="totop"><a href="#summary">back to summary</a></p>
<h3 id="m3">factorial_site_testing.AboutPageLinksCountTest#checkAboutPageLinks</h3><table class="result"><tr><th class="invisible"/></tr></table><p class="totop"><a href="#summary">back to summary</a></p>
<h3 id="m4">factorial_site_testing.BugValidationTest#privacyLinkShouldNotRedirectToTermsURL</h3><table class="result"><tr><th class="invisible"/></tr></table><p class="totop"><a href="#summary">back to summary</a></p>
<h3 id="m5">factorial_site_testing.FactorialDataProviderTest#verifyFactorial</h3><table class="result"><tr class="param"><th>Parameter #1</th><th>Parameter #2</th></tr><tr class="param stripe"><td>5</td><td>120</td></tr></table><p class="totop"><a href="#summary">back to summary</a></p>
<h3 id="m6">factorial_site_testing.FactorialDataProviderTest#verifyFactorial</h3><table class="result"><tr class="param"><th>Parameter #1</th><th>Parameter #2</th></tr><tr class="param stripe"><td>7</td><td>5040</td></tr></table><p class="totop"><a href="#summary">back to summary</a></p>
<h3 id="m7">factorial_site_testing.FactorialDataProviderTest#verifyFactorial</h3><table class="result"><tr class="param"><th>Parameter #1</th><th>Parameter #2</th></tr><tr class="param stripe"><td>6</td><td>720</td></tr></table><p class="totop"><a href="#summary">back to summary</a></p>
<h3 id="m8">factorial_site_testing.FactorialDataProviderTest#verifyFactorial</h3><table class="result"><tr class="param"><th>Parameter #1</th><th>Parameter #2</th></tr><tr class="param stripe"><td>8</td><td>40320</td></tr></table><p class="totop"><a href="#summary">back to summary</a></p>
<h3 id="m9">factorial_site_testing.FactorialDataProviderTest#verifyFactorial</h3><table class="result"><tr class="param"><th>Parameter #1</th><th>Parameter #2</th></tr><tr class="param stripe"><td>4</td><td>24</td></tr></table><p class="totop"><a href="#summary">back to summary</a></p>
<h3 id="m10">factorial_site_testing.UITest#validateUIElements</h3><table class="result"><tr><th class="invisible"/></tr></table><p class="totop"><a href="#summary">back to summary</a></p>
<h2>FirefoxTests</h2><h3 id="m11">factorial_site_testing.PlaceholderTextTest#checkPlaceholderTitleURL</h3><table class="result"><tr><th>Exception</th></tr><tr><td><div class="stacktrace">java.lang.AssertionError: expected [Factorial] but found [Factoriall]
	at factorial_site_testing.PlaceholderTextTest.checkPlaceholderTitleURL(PlaceholderTextTest.java:14)
	at java.base/java.util.ArrayList.forEach(ArrayList.java:1596)
	at java.base/java.util.concurrent.FutureTask.run(FutureTask.java:317)
	at java.base/java.util.concurrent.ThreadPoolExecutor.runWorker(ThreadPoolExecutor.java:1144)
	at java.base/java.util.concurrent.ThreadPoolExecutor$Worker.run(ThreadPoolExecutor.java:642)
	at java.base/java.lang.Thread.run(Thread.java:1583)
... Removed 21 stack frames</div></td></tr></table><p class="totop"><a href="#summary">back to summary</a></p>
<h3 id="m12">factorial_site_testing.AboutPageLinksCountTest#checkAboutPageLinks</h3><table class="result"><tr><th class="invisible"/></tr></table><p class="totop"><a href="#summary">back to summary</a></p>
<h3 id="m13">factorial_site_testing.BugValidationTest#privacyLinkShouldNotRedirectToTermsURL</h3><table class="result"><tr><th class="invisible"/></tr></table><p class="totop"><a href="#summary">back to summary</a></p>
<h3 id="m14">factorial_site_testing.FactorialDataProviderTest#verifyFactorial</h3><table class="result"><tr class="param"><th>Parameter #1</th><th>Parameter #2</th></tr><tr class="param stripe"><td>4</td><td>24</td></tr></table><p class="totop"><a href="#summary">back to summary</a></p>
<h3 id="m15">factorial_site_testing.FactorialDataProviderTest#verifyFactorial</h3><table class="result"><tr class="param"><th>Parameter #1</th><th>Parameter #2</th></tr><tr class="param stripe"><td>9</td><td>362880</td></tr></table><p class="totop"><a href="#summary">back to summary</a></p>
<h3 id="m16">factorial_site_testing.FactorialDataProviderTest#verifyFactorial</h3><table class="result"><tr class="param"><th>Parameter #1</th><th>Parameter #2</th></tr><tr class="param stripe"><td>10</td><td>3628800</td></tr></table><p class="totop"><a href="#summary">back to summary</a></p>
<h3 id="m17">factorial_site_testing.FactorialDataProviderTest#verifyFactorial</h3><table class="result"><tr class="param"><th>Parameter #1</th><th>Parameter #2</th></tr><tr class="param stripe"><td>8</td><td>40320</td></tr></table><p class="totop"><a href="#summary">back to summary</a></p>
<h3 id="m18">factorial_site_testing.FactorialDataProviderTest#verifyFactorial</h3><table class="result"><tr class="param"><th>Parameter #1</th><th>Parameter #2</th></tr><tr class="param stripe"><td>5</td><td>120</td></tr></table><p class="totop"><a href="#summary">back to summary</a></p>
<h3 id="m19">factorial_site_testing.FactorialDataProviderTest#verifyFactorial</h3><table class="result"><tr class="param"><th>Parameter #1</th><th>Parameter #2</th></tr><tr class="param stripe"><td>7</td><td>5040</td></tr></table><p class="totop"><a href="#summary">back to summary</a></p>
<h3 id="m20">factorial_site_testing.FactorialDataProviderTest#verifyFactorial</h3><table class="result"><tr class="param"><th>Parameter #1</th><th>Parameter #2</th></tr><tr class="param stripe"><td>6</td><td>720</td></tr></table><p class="totop"><a href="#summary">back to summary</a></p>
<h3 id="m21">factorial_site_testing.UITest#validateUIElements</h3><table class="result"><tr><th class="invisible"/></tr></table><p class="totop"><a href="#summary">back to summary</a></p>
</body>
</html>
