<?xml version="1.0" encoding="UTF-8"?>
<testng-results ignored="0" total="22" passed="18" failed="4" skipped="0">
  <reporter-output>
  </reporter-output>
  <suite started-at="2025-07-12T13:37:59 IST" name="CrossBrowserSuite" finished-at="2025-07-12T13:39:08 IST" duration-ms="69635">
    <groups>
    </groups>
    <test started-at="2025-07-12T13:37:59 IST" name="ChromeTests" finished-at="2025-07-12T13:38:45 IST" duration-ms="46432">
      <class name="factorial_site_testing.UITest">
        <test-method is-config="true" signature="openApp(java.lang.String)[pri:0, instance:factorial_site_testing.UITest@34e9fd99]" started-at="2025-07-12T13:37:59 IST" name="openApp" finished-at="2025-07-12T13:38:05 IST" duration-ms="6553" status="PASS">
          <params>
            <param index="0">
              <value>
                <![CDATA[chrome]]>
              </value>
            </param>
          </params>
          <reporter-output>
          </reporter-output>
        </test-method> <!-- openApp -->
        <test-method signature="validateUIElements()[pri:0, instance:factorial_site_testing.UITest@34e9fd99]" started-at="2025-07-12T13:38:05 IST" name="validateUIElements" finished-at="2025-07-12T13:38:06 IST" duration-ms="311" status="PASS">
          <reporter-output>
          </reporter-output>
        </test-method> <!-- validateUIElements -->
        <test-method is-config="true" signature="tearDown()[pri:0, instance:factorial_site_testing.UITest@34e9fd99]" started-at="2025-07-12T13:38:06 IST" name="tearDown" finished-at="2025-07-12T13:38:06 IST" duration-ms="251" status="PASS">
          <reporter-output>
          </reporter-output>
        </test-method> <!-- tearDown -->
      </class> <!-- factorial_site_testing.UITest -->
      <class name="factorial_site_testing.PlaceholderTextTest">
        <test-method is-config="true" signature="openApp(java.lang.String)[pri:0, instance:factorial_site_testing.PlaceholderTextTest@22ff4249]" started-at="2025-07-12T13:38:06 IST" name="openApp" finished-at="2025-07-12T13:38:11 IST" duration-ms="5475" status="PASS">
          <params>
            <param index="0">
              <value>
                <![CDATA[chrome]]>
              </value>
            </param>
          </params>
          <reporter-output>
          </reporter-output>
        </test-method> <!-- openApp -->
        <test-method signature="checkPlaceholderTitleURL()[pri:0, instance:factorial_site_testing.PlaceholderTextTest@22ff4249]" started-at="2025-07-12T13:38:11 IST" name="checkPlaceholderTitleURL" finished-at="2025-07-12T13:38:12 IST" duration-ms="78" status="FAIL">
          <exception class="java.lang.AssertionError">
            <message>
              <![CDATA[expected [Factorial] but found [Factoriall]]]>
            </message>
            <full-stacktrace>
              <![CDATA[java.lang.AssertionError: expected [Factorial] but found [Factoriall]
at org.testng.Assert.fail(Assert.java:111)
at org.testng.Assert.failNotEquals(Assert.java:1578)
at org.testng.Assert.assertEqualsImpl(Assert.java:150)
at org.testng.Assert.assertEquals(Assert.java:132)
at org.testng.Assert.assertEquals(Assert.java:656)
at org.testng.Assert.assertEquals(Assert.java:666)
at factorial_site_testing.PlaceholderTextTest.checkPlaceholderTitleURL(PlaceholderTextTest.java:14)
at java.base/jdk.internal.reflect.DirectMethodHandleAccessor.invoke(DirectMethodHandleAccessor.java:103)
at java.base/java.lang.reflect.Method.invoke(Method.java:580)
at org.testng.internal.invokers.MethodInvocationHelper.invokeMethod(MethodInvocationHelper.java:139)
at org.testng.internal.invokers.TestInvoker.invokeMethod(TestInvoker.java:664)
at org.testng.internal.invokers.TestInvoker.invokeTestMethod(TestInvoker.java:228)
at org.testng.internal.invokers.MethodRunner.runInSequence(MethodRunner.java:63)
at org.testng.internal.invokers.TestInvoker$MethodInvocationAgent.invoke(TestInvoker.java:961)
at org.testng.internal.invokers.TestInvoker.invokeTestMethods(TestInvoker.java:201)
at org.testng.internal.invokers.TestMethodWorker.invokeTestMethods(TestMethodWorker.java:148)
at org.testng.internal.invokers.TestMethodWorker.run(TestMethodWorker.java:128)
at java.base/java.util.ArrayList.forEach(ArrayList.java:1596)
at org.testng.TestRunner.privateRun(TestRunner.java:819)
at org.testng.TestRunner.run(TestRunner.java:619)
at org.testng.SuiteRunner.runTest(SuiteRunner.java:443)
at org.testng.SuiteRunner$SuiteWorker.run(SuiteRunner.java:481)
at org.testng.internal.thread.ThreadUtil.lambda$execute$0(ThreadUtil.java:58)
at java.base/java.util.concurrent.FutureTask.run(FutureTask.java:317)
at java.base/java.util.concurrent.ThreadPoolExecutor.runWorker(ThreadPoolExecutor.java:1144)
at java.base/java.util.concurrent.ThreadPoolExecutor$Worker.run(ThreadPoolExecutor.java:642)
at java.base/java.lang.Thread.run(Thread.java:1583)
]]>
            </full-stacktrace>
          </exception> <!-- java.lang.AssertionError -->
          <reporter-output>
          </reporter-output>
        </test-method> <!-- checkPlaceholderTitleURL -->
        <test-method is-config="true" signature="tearDown()[pri:0, instance:factorial_site_testing.PlaceholderTextTest@22ff4249]" started-at="2025-07-12T13:38:12 IST" name="tearDown" finished-at="2025-07-12T13:38:12 IST" duration-ms="310" status="PASS">
          <reporter-output>
          </reporter-output>
        </test-method> <!-- tearDown -->
      </class> <!-- factorial_site_testing.PlaceholderTextTest -->
      <class name="factorial_site_testing.AboutPageLinksCountTest">
        <test-method is-config="true" signature="openApp(java.lang.String)[pri:0, instance:factorial_site_testing.AboutPageLinksCountTest@4c402120]" started-at="2025-07-12T13:38:25 IST" name="openApp" finished-at="2025-07-12T13:38:32 IST" duration-ms="6687" status="PASS">
          <params>
            <param index="0">
              <value>
                <![CDATA[chrome]]>
              </value>
            </param>
          </params>
          <reporter-output>
          </reporter-output>
        </test-method> <!-- openApp -->
        <test-method signature="checkAboutPageLinks()[pri:0, instance:factorial_site_testing.AboutPageLinksCountTest@4c402120]" started-at="2025-07-12T13:38:32 IST" name="checkAboutPageLinks" finished-at="2025-07-12T13:38:33 IST" duration-ms="1080" status="PASS">
          <reporter-output>
          </reporter-output>
        </test-method> <!-- checkAboutPageLinks -->
        <test-method is-config="true" signature="tearDown()[pri:0, instance:factorial_site_testing.AboutPageLinksCountTest@4c402120]" started-at="2025-07-12T13:38:33 IST" name="tearDown" finished-at="2025-07-12T13:38:33 IST" duration-ms="317" status="PASS">
          <reporter-output>
          </reporter-output>
        </test-method> <!-- tearDown -->
      </class> <!-- factorial_site_testing.AboutPageLinksCountTest -->
      <class name="factorial_site_testing.FactorialDataProviderTest">
        <test-method is-config="true" signature="openApp(java.lang.String)[pri:0, instance:factorial_site_testing.FactorialDataProviderTest@2d1ef81a]" started-at="2025-07-12T13:38:12 IST" name="openApp" finished-at="2025-07-12T13:38:19 IST" duration-ms="7234" status="PASS">
          <params>
            <param index="0">
              <value>
                <![CDATA[chrome]]>
              </value>
            </param>
          </params>
          <reporter-output>
          </reporter-output>
        </test-method> <!-- openApp -->
        <test-method signature="verifyFactorial(java.lang.String,java.lang.String)[pri:0, instance:factorial_site_testing.FactorialDataProviderTest@2d1ef81a]" started-at="2025-07-12T13:38:19 IST" name="verifyFactorial" data-provider="numbers" finished-at="2025-07-12T13:38:20 IST" duration-ms="921" status="PASS">
          <params>
            <param index="0">
              <value>
                <![CDATA[4]]>
              </value>
            </param>
            <param index="1">
              <value>
                <![CDATA[24]]>
              </value>
            </param>
          </params>
          <reporter-output>
          </reporter-output>
        </test-method> <!-- verifyFactorial -->
        <test-method signature="verifyFactorial(java.lang.String,java.lang.String)[pri:0, instance:factorial_site_testing.FactorialDataProviderTest@2d1ef81a]" started-at="2025-07-12T13:38:20 IST" name="verifyFactorial" data-provider="numbers" finished-at="2025-07-12T13:38:21 IST" duration-ms="832" status="PASS">
          <params>
            <param index="0">
              <value>
                <![CDATA[5]]>
              </value>
            </param>
            <param index="1">
              <value>
                <![CDATA[120]]>
              </value>
            </param>
          </params>
          <reporter-output>
          </reporter-output>
        </test-method> <!-- verifyFactorial -->
        <test-method signature="verifyFactorial(java.lang.String,java.lang.String)[pri:0, instance:factorial_site_testing.FactorialDataProviderTest@2d1ef81a]" started-at="2025-07-12T13:38:21 IST" name="verifyFactorial" data-provider="numbers" finished-at="2025-07-12T13:38:22 IST" duration-ms="788" status="PASS">
          <params>
            <param index="0">
              <value>
                <![CDATA[6]]>
              </value>
            </param>
            <param index="1">
              <value>
                <![CDATA[720]]>
              </value>
            </param>
          </params>
          <reporter-output>
          </reporter-output>
        </test-method> <!-- verifyFactorial -->
        <test-method signature="verifyFactorial(java.lang.String,java.lang.String)[pri:0, instance:factorial_site_testing.FactorialDataProviderTest@2d1ef81a]" started-at="2025-07-12T13:38:22 IST" name="verifyFactorial" data-provider="numbers" finished-at="2025-07-12T13:38:22 IST" duration-ms="786" status="PASS">
          <params>
            <param index="0">
              <value>
                <![CDATA[7]]>
              </value>
            </param>
            <param index="1">
              <value>
                <![CDATA[5040]]>
              </value>
            </param>
          </params>
          <reporter-output>
          </reporter-output>
        </test-method> <!-- verifyFactorial -->
        <test-method signature="verifyFactorial(java.lang.String,java.lang.String)[pri:0, instance:factorial_site_testing.FactorialDataProviderTest@2d1ef81a]" started-at="2025-07-12T13:38:22 IST" name="verifyFactorial" data-provider="numbers" finished-at="2025-07-12T13:38:23 IST" duration-ms="783" status="PASS">
          <params>
            <param index="0">
              <value>
                <![CDATA[8]]>
              </value>
            </param>
            <param index="1">
              <value>
                <![CDATA[40320]]>
              </value>
            </param>
          </params>
          <reporter-output>
          </reporter-output>
        </test-method> <!-- verifyFactorial -->
        <test-method signature="verifyFactorial(java.lang.String,java.lang.String)[pri:0, instance:factorial_site_testing.FactorialDataProviderTest@2d1ef81a]" started-at="2025-07-12T13:38:23 IST" name="verifyFactorial" data-provider="numbers" finished-at="2025-07-12T13:38:24 IST" duration-ms="881" status="FAIL">
          <params>
            <param index="0">
              <value>
                <![CDATA[9]]>
              </value>
            </param>
            <param index="1">
              <value>
                <![CDATA[362880]]>
              </value>
            </param>
          </params>
          <exception class="java.lang.AssertionError">
            <message>
              <![CDATA[expected [true] but found [false]]]>
            </message>
            <full-stacktrace>
              <![CDATA[java.lang.AssertionError: expected [true] but found [false]
at org.testng.Assert.fail(Assert.java:111)
at org.testng.Assert.failNotEquals(Assert.java:1578)
at org.testng.Assert.assertTrue(Assert.java:57)
at org.testng.Assert.assertTrue(Assert.java:67)
at factorial_site_testing.FactorialDataProviderTest.verifyFactorial(FactorialDataProviderTest.java:31)
at java.base/jdk.internal.reflect.DirectMethodHandleAccessor.invoke(DirectMethodHandleAccessor.java:103)
at java.base/java.lang.reflect.Method.invoke(Method.java:580)
at org.testng.internal.invokers.MethodInvocationHelper.invokeMethod(MethodInvocationHelper.java:139)
at org.testng.internal.invokers.TestInvoker.invokeMethod(TestInvoker.java:664)
at org.testng.internal.invokers.TestInvoker.invokeTestMethod(TestInvoker.java:228)
at org.testng.internal.invokers.MethodRunner.runInSequence(MethodRunner.java:63)
at org.testng.internal.invokers.TestInvoker$MethodInvocationAgent.invoke(TestInvoker.java:961)
at org.testng.internal.invokers.TestInvoker.invokeTestMethods(TestInvoker.java:201)
at org.testng.internal.invokers.TestMethodWorker.invokeTestMethods(TestMethodWorker.java:148)
at org.testng.internal.invokers.TestMethodWorker.run(TestMethodWorker.java:128)
at java.base/java.util.ArrayList.forEach(ArrayList.java:1596)
at org.testng.TestRunner.privateRun(TestRunner.java:819)
at org.testng.TestRunner.run(TestRunner.java:619)
at org.testng.SuiteRunner.runTest(SuiteRunner.java:443)
at org.testng.SuiteRunner$SuiteWorker.run(SuiteRunner.java:481)
at org.testng.internal.thread.ThreadUtil.lambda$execute$0(ThreadUtil.java:58)
at java.base/java.util.concurrent.FutureTask.run(FutureTask.java:317)
at java.base/java.util.concurrent.ThreadPoolExecutor.runWorker(ThreadPoolExecutor.java:1144)
at java.base/java.util.concurrent.ThreadPoolExecutor$Worker.run(ThreadPoolExecutor.java:642)
at java.base/java.lang.Thread.run(Thread.java:1583)
]]>
            </full-stacktrace>
          </exception> <!-- java.lang.AssertionError -->
          <reporter-output>
          </reporter-output>
        </test-method> <!-- verifyFactorial -->
        <test-method signature="verifyFactorial(java.lang.String,java.lang.String)[pri:0, instance:factorial_site_testing.FactorialDataProviderTest@2d1ef81a]" started-at="2025-07-12T13:38:24 IST" name="verifyFactorial" data-provider="numbers" finished-at="2025-07-12T13:38:25 IST" duration-ms="812" status="FAIL">
          <params>
            <param index="0">
              <value>
                <![CDATA[10]]>
              </value>
            </param>
            <param index="1">
              <value>
                <![CDATA[3628800]]>
              </value>
            </param>
          </params>
          <exception class="java.lang.AssertionError">
            <message>
              <![CDATA[expected [true] but found [false]]]>
            </message>
            <full-stacktrace>
              <![CDATA[java.lang.AssertionError: expected [true] but found [false]
at org.testng.Assert.fail(Assert.java:111)
at org.testng.Assert.failNotEquals(Assert.java:1578)
at org.testng.Assert.assertTrue(Assert.java:57)
at org.testng.Assert.assertTrue(Assert.java:67)
at factorial_site_testing.FactorialDataProviderTest.verifyFactorial(FactorialDataProviderTest.java:31)
at java.base/jdk.internal.reflect.DirectMethodHandleAccessor.invoke(DirectMethodHandleAccessor.java:103)
at java.base/java.lang.reflect.Method.invoke(Method.java:580)
at org.testng.internal.invokers.MethodInvocationHelper.invokeMethod(MethodInvocationHelper.java:139)
at org.testng.internal.invokers.TestInvoker.invokeMethod(TestInvoker.java:664)
at org.testng.internal.invokers.TestInvoker.invokeTestMethod(TestInvoker.java:228)
at org.testng.internal.invokers.MethodRunner.runInSequence(MethodRunner.java:63)
at org.testng.internal.invokers.TestInvoker$MethodInvocationAgent.invoke(TestInvoker.java:961)
at org.testng.internal.invokers.TestInvoker.invokeTestMethods(TestInvoker.java:201)
at org.testng.internal.invokers.TestMethodWorker.invokeTestMethods(TestMethodWorker.java:148)
at org.testng.internal.invokers.TestMethodWorker.run(TestMethodWorker.java:128)
at java.base/java.util.ArrayList.forEach(ArrayList.java:1596)
at org.testng.TestRunner.privateRun(TestRunner.java:819)
at org.testng.TestRunner.run(TestRunner.java:619)
at org.testng.SuiteRunner.runTest(SuiteRunner.java:443)
at org.testng.SuiteRunner$SuiteWorker.run(SuiteRunner.java:481)
at org.testng.internal.thread.ThreadUtil.lambda$execute$0(ThreadUtil.java:58)
at java.base/java.util.concurrent.FutureTask.run(FutureTask.java:317)
at java.base/java.util.concurrent.ThreadPoolExecutor.runWorker(ThreadPoolExecutor.java:1144)
at java.base/java.util.concurrent.ThreadPoolExecutor$Worker.run(ThreadPoolExecutor.java:642)
at java.base/java.lang.Thread.run(Thread.java:1583)
]]>
            </full-stacktrace>
          </exception> <!-- java.lang.AssertionError -->
          <reporter-output>
          </reporter-output>
        </test-method> <!-- verifyFactorial -->
        <test-method is-config="true" signature="tearDown()[pri:0, instance:factorial_site_testing.FactorialDataProviderTest@2d1ef81a]" started-at="2025-07-12T13:38:25 IST" name="tearDown" finished-at="2025-07-12T13:38:25 IST" duration-ms="408" status="PASS">
          <reporter-output>
          </reporter-output>
        </test-method> <!-- tearDown -->
      </class> <!-- factorial_site_testing.FactorialDataProviderTest -->
      <class name="factorial_site_testing.BugValidationTest">
        <test-method is-config="true" signature="openApp(java.lang.String)[pri:0, instance:factorial_site_testing.BugValidationTest@327514f]" started-at="2025-07-12T13:38:33 IST" name="openApp" finished-at="2025-07-12T13:38:37 IST" duration-ms="3998" status="PASS">
          <params>
            <param index="0">
              <value>
                <![CDATA[chrome]]>
              </value>
            </param>
          </params>
          <reporter-output>
          </reporter-output>
        </test-method> <!-- openApp -->
        <test-method signature="privacyLinkShouldNotRedirectToTermsURL()[pri:0, instance:factorial_site_testing.BugValidationTest@327514f]" started-at="2025-07-12T13:38:37 IST" name="privacyLinkShouldNotRedirectToTermsURL" finished-at="2025-07-12T13:38:45 IST" duration-ms="7538" status="PASS">
          <reporter-output>
          </reporter-output>
        </test-method> <!-- privacyLinkShouldNotRedirectToTermsURL -->
        <test-method is-config="true" signature="tearDown()[pri:0, instance:factorial_site_testing.BugValidationTest@327514f]" started-at="2025-07-12T13:38:45 IST" name="tearDown" finished-at="2025-07-12T13:38:45 IST" duration-ms="295" status="PASS">
          <reporter-output>
          </reporter-output>
        </test-method> <!-- tearDown -->
      </class> <!-- factorial_site_testing.BugValidationTest -->
    </test> <!-- ChromeTests -->
    <test started-at="2025-07-12T13:37:59 IST" name="FirefoxTests" finished-at="2025-07-12T13:39:08 IST" duration-ms="69635">
      <class name="factorial_site_testing.UITest">
        <test-method is-config="true" signature="openApp(java.lang.String)[pri:0, instance:factorial_site_testing.UITest@40005471]" started-at="2025-07-12T13:37:59 IST" name="openApp" finished-at="2025-07-12T13:38:09 IST" duration-ms="10381" status="PASS">
          <params>
            <param index="0">
              <value>
                <![CDATA[firefox]]>
              </value>
            </param>
          </params>
          <reporter-output>
          </reporter-output>
        </test-method> <!-- openApp -->
        <test-method signature="validateUIElements()[pri:0, instance:factorial_site_testing.UITest@40005471]" started-at="2025-07-12T13:38:09 IST" name="validateUIElements" finished-at="2025-07-12T13:38:10 IST" duration-ms="308" status="PASS">
          <reporter-output>
          </reporter-output>
        </test-method> <!-- validateUIElements -->
        <test-method is-config="true" signature="tearDown()[pri:0, instance:factorial_site_testing.UITest@40005471]" started-at="2025-07-12T13:38:10 IST" name="tearDown" finished-at="2025-07-12T13:38:11 IST" duration-ms="1464" status="PASS">
          <reporter-output>
          </reporter-output>
        </test-method> <!-- tearDown -->
      </class> <!-- factorial_site_testing.UITest -->
      <class name="factorial_site_testing.PlaceholderTextTest">
        <test-method is-config="true" signature="openApp(java.lang.String)[pri:0, instance:factorial_site_testing.PlaceholderTextTest@2cd76f31]" started-at="2025-07-12T13:38:11 IST" name="openApp" finished-at="2025-07-12T13:38:20 IST" duration-ms="9376" status="PASS">
          <params>
            <param index="0">
              <value>
                <![CDATA[firefox]]>
              </value>
            </param>
          </params>
          <reporter-output>
          </reporter-output>
        </test-method> <!-- openApp -->
        <test-method signature="checkPlaceholderTitleURL()[pri:0, instance:factorial_site_testing.PlaceholderTextTest@2cd76f31]" started-at="2025-07-12T13:38:20 IST" name="checkPlaceholderTitleURL" finished-at="2025-07-12T13:38:20 IST" duration-ms="50" status="FAIL">
          <exception class="java.lang.AssertionError">
            <message>
              <![CDATA[expected [Factorial] but found [Factoriall]]]>
            </message>
            <full-stacktrace>
              <![CDATA[java.lang.AssertionError: expected [Factorial] but found [Factoriall]
at org.testng.Assert.fail(Assert.java:111)
at org.testng.Assert.failNotEquals(Assert.java:1578)
at org.testng.Assert.assertEqualsImpl(Assert.java:150)
at org.testng.Assert.assertEquals(Assert.java:132)
at org.testng.Assert.assertEquals(Assert.java:656)
at org.testng.Assert.assertEquals(Assert.java:666)
at factorial_site_testing.PlaceholderTextTest.checkPlaceholderTitleURL(PlaceholderTextTest.java:14)
at java.base/jdk.internal.reflect.DirectMethodHandleAccessor.invoke(DirectMethodHandleAccessor.java:103)
at java.base/java.lang.reflect.Method.invoke(Method.java:580)
at org.testng.internal.invokers.MethodInvocationHelper.invokeMethod(MethodInvocationHelper.java:139)
at org.testng.internal.invokers.TestInvoker.invokeMethod(TestInvoker.java:664)
at org.testng.internal.invokers.TestInvoker.invokeTestMethod(TestInvoker.java:228)
at org.testng.internal.invokers.MethodRunner.runInSequence(MethodRunner.java:63)
at org.testng.internal.invokers.TestInvoker$MethodInvocationAgent.invoke(TestInvoker.java:961)
at org.testng.internal.invokers.TestInvoker.invokeTestMethods(TestInvoker.java:201)
at org.testng.internal.invokers.TestMethodWorker.invokeTestMethods(TestMethodWorker.java:148)
at org.testng.internal.invokers.TestMethodWorker.run(TestMethodWorker.java:128)
at java.base/java.util.ArrayList.forEach(ArrayList.java:1596)
at org.testng.TestRunner.privateRun(TestRunner.java:819)
at org.testng.TestRunner.run(TestRunner.java:619)
at org.testng.SuiteRunner.runTest(SuiteRunner.java:443)
at org.testng.SuiteRunner$SuiteWorker.run(SuiteRunner.java:481)
at org.testng.internal.thread.ThreadUtil.lambda$execute$0(ThreadUtil.java:58)
at java.base/java.util.concurrent.FutureTask.run(FutureTask.java:317)
at java.base/java.util.concurrent.ThreadPoolExecutor.runWorker(ThreadPoolExecutor.java:1144)
at java.base/java.util.concurrent.ThreadPoolExecutor$Worker.run(ThreadPoolExecutor.java:642)
at java.base/java.lang.Thread.run(Thread.java:1583)
]]>
            </full-stacktrace>
          </exception> <!-- java.lang.AssertionError -->
          <reporter-output>
          </reporter-output>
        </test-method> <!-- checkPlaceholderTitleURL -->
        <test-method is-config="true" signature="tearDown()[pri:0, instance:factorial_site_testing.PlaceholderTextTest@2cd76f31]" started-at="2025-07-12T13:38:20 IST" name="tearDown" finished-at="2025-07-12T13:38:22 IST" duration-ms="1296" status="PASS">
          <reporter-output>
          </reporter-output>
        </test-method> <!-- tearDown -->
      </class> <!-- factorial_site_testing.PlaceholderTextTest -->
      <class name="factorial_site_testing.AboutPageLinksCountTest">
        <test-method is-config="true" signature="openApp(java.lang.String)[pri:0, instance:factorial_site_testing.AboutPageLinksCountTest@49438269]" started-at="2025-07-12T13:38:40 IST" name="openApp" finished-at="2025-07-12T13:38:48 IST" duration-ms="8119" status="PASS">
          <params>
            <param index="0">
              <value>
                <![CDATA[firefox]]>
              </value>
            </param>
          </params>
          <reporter-output>
          </reporter-output>
        </test-method> <!-- openApp -->
        <test-method signature="checkAboutPageLinks()[pri:0, instance:factorial_site_testing.AboutPageLinksCountTest@49438269]" started-at="2025-07-12T13:38:48 IST" name="checkAboutPageLinks" finished-at="2025-07-12T13:38:49 IST" duration-ms="1133" status="PASS">
          <reporter-output>
          </reporter-output>
        </test-method> <!-- checkAboutPageLinks -->
        <test-method is-config="true" signature="tearDown()[pri:0, instance:factorial_site_testing.AboutPageLinksCountTest@49438269]" started-at="2025-07-12T13:38:49 IST" name="tearDown" finished-at="2025-07-12T13:38:51 IST" duration-ms="1779" status="PASS">
          <reporter-output>
          </reporter-output>
        </test-method> <!-- tearDown -->
      </class> <!-- factorial_site_testing.AboutPageLinksCountTest -->
      <class name="factorial_site_testing.FactorialDataProviderTest">
        <test-method is-config="true" signature="openApp(java.lang.String)[pri:0, instance:factorial_site_testing.FactorialDataProviderTest@367ffa75]" started-at="2025-07-12T13:38:22 IST" name="openApp" finished-at="2025-07-12T13:38:31 IST" duration-ms="9609" status="PASS">
          <params>
            <param index="0">
              <value>
                <![CDATA[firefox]]>
              </value>
            </param>
          </params>
          <reporter-output>
          </reporter-output>
        </test-method> <!-- openApp -->
        <test-method signature="verifyFactorial(java.lang.String,java.lang.String)[pri:0, instance:factorial_site_testing.FactorialDataProviderTest@367ffa75]" started-at="2025-07-12T13:38:31 IST" name="verifyFactorial" data-provider="numbers" finished-at="2025-07-12T13:38:32 IST" duration-ms="935" status="PASS">
          <params>
            <param index="0">
              <value>
                <![CDATA[4]]>
              </value>
            </param>
            <param index="1">
              <value>
                <![CDATA[24]]>
              </value>
            </param>
          </params>
          <reporter-output>
          </reporter-output>
        </test-method> <!-- verifyFactorial -->
        <test-method signature="verifyFactorial(java.lang.String,java.lang.String)[pri:0, instance:factorial_site_testing.FactorialDataProviderTest@367ffa75]" started-at="2025-07-12T13:38:32 IST" name="verifyFactorial" data-provider="numbers" finished-at="2025-07-12T13:38:33 IST" duration-ms="882" status="PASS">
          <params>
            <param index="0">
              <value>
                <![CDATA[5]]>
              </value>
            </param>
            <param index="1">
              <value>
                <![CDATA[120]]>
              </value>
            </param>
          </params>
          <reporter-output>
          </reporter-output>
        </test-method> <!-- verifyFactorial -->
        <test-method signature="verifyFactorial(java.lang.String,java.lang.String)[pri:0, instance:factorial_site_testing.FactorialDataProviderTest@367ffa75]" started-at="2025-07-12T13:38:33 IST" name="verifyFactorial" data-provider="numbers" finished-at="2025-07-12T13:38:34 IST" duration-ms="898" status="PASS">
          <params>
            <param index="0">
              <value>
                <![CDATA[6]]>
              </value>
            </param>
            <param index="1">
              <value>
                <![CDATA[720]]>
              </value>
            </param>
          </params>
          <reporter-output>
          </reporter-output>
        </test-method> <!-- verifyFactorial -->
        <test-method signature="verifyFactorial(java.lang.String,java.lang.String)[pri:0, instance:factorial_site_testing.FactorialDataProviderTest@367ffa75]" started-at="2025-07-12T13:38:34 IST" name="verifyFactorial" data-provider="numbers" finished-at="2025-07-12T13:38:35 IST" duration-ms="847" status="PASS">
          <params>
            <param index="0">
              <value>
                <![CDATA[7]]>
              </value>
            </param>
            <param index="1">
              <value>
                <![CDATA[5040]]>
              </value>
            </param>
          </params>
          <reporter-output>
          </reporter-output>
        </test-method> <!-- verifyFactorial -->
        <test-method signature="verifyFactorial(java.lang.String,java.lang.String)[pri:0, instance:factorial_site_testing.FactorialDataProviderTest@367ffa75]" started-at="2025-07-12T13:38:35 IST" name="verifyFactorial" data-provider="numbers" finished-at="2025-07-12T13:38:36 IST" duration-ms="839" status="PASS">
          <params>
            <param index="0">
              <value>
                <![CDATA[8]]>
              </value>
            </param>
            <param index="1">
              <value>
                <![CDATA[40320]]>
              </value>
            </param>
          </params>
          <reporter-output>
          </reporter-output>
        </test-method> <!-- verifyFactorial -->
        <test-method signature="verifyFactorial(java.lang.String,java.lang.String)[pri:0, instance:factorial_site_testing.FactorialDataProviderTest@367ffa75]" started-at="2025-07-12T13:38:36 IST" name="verifyFactorial" data-provider="numbers" finished-at="2025-07-12T13:38:37 IST" duration-ms="845" status="PASS">
          <params>
            <param index="0">
              <value>
                <![CDATA[9]]>
              </value>
            </param>
            <param index="1">
              <value>
                <![CDATA[362880]]>
              </value>
            </param>
          </params>
          <reporter-output>
          </reporter-output>
        </test-method> <!-- verifyFactorial -->
        <test-method signature="verifyFactorial(java.lang.String,java.lang.String)[pri:0, instance:factorial_site_testing.FactorialDataProviderTest@367ffa75]" started-at="2025-07-12T13:38:37 IST" name="verifyFactorial" data-provider="numbers" finished-at="2025-07-12T13:38:37 IST" duration-ms="814" status="PASS">
          <params>
            <param index="0">
              <value>
                <![CDATA[10]]>
              </value>
            </param>
            <param index="1">
              <value>
                <![CDATA[3628800]]>
              </value>
            </param>
          </params>
          <reporter-output>
          </reporter-output>
        </test-method> <!-- verifyFactorial -->
        <test-method is-config="true" signature="tearDown()[pri:0, instance:factorial_site_testing.FactorialDataProviderTest@367ffa75]" started-at="2025-07-12T13:38:37 IST" name="tearDown" finished-at="2025-07-12T13:38:40 IST" duration-ms="2164" status="PASS">
          <reporter-output>
          </reporter-output>
        </test-method> <!-- tearDown -->
      </class> <!-- factorial_site_testing.FactorialDataProviderTest -->
      <class name="factorial_site_testing.BugValidationTest">
        <test-method is-config="true" signature="openApp(java.lang.String)[pri:0, instance:factorial_site_testing.BugValidationTest@ba2f4ec]" started-at="2025-07-12T13:38:51 IST" name="openApp" finished-at="2025-07-12T13:38:59 IST" duration-ms="8664" status="PASS">
          <params>
            <param index="0">
              <value>
                <![CDATA[firefox]]>
              </value>
            </param>
          </params>
          <reporter-output>
          </reporter-output>
        </test-method> <!-- openApp -->
        <test-method signature="privacyLinkShouldNotRedirectToTermsURL()[pri:0, instance:factorial_site_testing.BugValidationTest@ba2f4ec]" started-at="2025-07-12T13:38:59 IST" name="privacyLinkShouldNotRedirectToTermsURL" finished-at="2025-07-12T13:39:07 IST" duration-ms="7707" status="PASS">
          <reporter-output>
          </reporter-output>
        </test-method> <!-- privacyLinkShouldNotRedirectToTermsURL -->
        <test-method is-config="true" signature="tearDown()[pri:0, instance:factorial_site_testing.BugValidationTest@ba2f4ec]" started-at="2025-07-12T13:39:07 IST" name="tearDown" finished-at="2025-07-12T13:39:08 IST" duration-ms="1423" status="PASS">
          <reporter-output>
          </reporter-output>
        </test-method> <!-- tearDown -->
      </class> <!-- factorial_site_testing.BugValidationTest -->
    </test> <!-- FirefoxTests -->
  </suite> <!-- CrossBrowserSuite -->
</testng-results>
